<?xml version="1.0" encoding="UTF-8"?>
<!-- Generated by org.testng.reporters.JUnitReportReporter -->
<testsuite hostname="dc90d67c6595545" failures="0" tests="2" name="com.sdet.restassured.SendRequest" time="4.470" errors="0" timestamp="2024-01-16T14:51:28 IST" skipped="0">
  <testcase classname="com.sdet.restassured.SendRequest" name="wrongPassword" time="0.957"/>
  <testcase classname="com.sdet.restassured.SendRequest" name="registerUser" time="3.513"/>
</testsuite> <!-- com.sdet.restassured.SendRequest -->
